<?xml version="1.0" encoding="UTF-8"?>
<!-- Generated by org.testng.reporters.JUnitReportReporter -->
<testsuite hostname="LAPTOP-45D9BTF2" failures="0" tests="1" name="qsp.Takescreenshot" time="4.596" errors="0" timestamp="2023-09-05T15:26:28 IST" skipped="0">
  <testcase classname="qsp.Takescreenshot" name="screenshot" time="4.596"/>
</testsuite> <!-- qsp.Takescreenshot -->
