<?xml version="1.0" encoding="UTF-8"?>
<!-- Generated by org.testng.reporters.JUnitReportReporter -->
<testsuite hostname="LAPTOP-45D9BTF2" failures="0" tests="3" name="com.actitime.testscript.ProjectModule" time="0.024" errors="0" timestamp="2023-12-16T13:16:34 IST" skipped="0">
  <testcase classname="com.actitime.testscript.ProjectModule" name="deleteProject" time="0.004">
    <system-out>
      <![CDATA[deleteProject]]>
    </system-out>
  </testcase> <!-- deleteProject -->
  <testcase classname="com.actitime.testscript.ProjectModule" name="createProject" time="0.018">
    <system-out>
      <![CDATA[createproject]]>
    </system-out>
  </testcase> <!-- createProject -->
  <testcase classname="com.actitime.testscript.ProjectModule" name="modifyProject" time="0.002">
    <system-out>
      <![CDATA[modifyProject]]>
    </system-out>
  </testcase> <!-- modifyProject -->
  <system-out>
    <![CDATA[createcustomer
createproject
deletecustomer
deleteProject
modifycustomer
modifyProject]]>
  </system-out>
</testsuite> <!-- com.actitime.testscript.ProjectModule -->
