<?xml version="1.0" encoding="UTF-8"?>
<!-- Generated by org.testng.reporters.JUnitReportReporter -->
<testsuite hostname="LAPTOP-45D9BTF2" failures="0" tests="1" name="com.actitime.testscript.CustomerModule" time="0.016" errors="0" timestamp="2023-12-24T20:55:35 IST" skipped="0">
  <testcase classname="com.actitime.testscript.CustomerModule" name="deleteCustomer" time="0.016">
    <system-out>
      <![CDATA[deletecustomer]]>
    </system-out>
  </testcase> <!-- deleteCustomer -->
  <system-out>
    <![CDATA[deletecustomer]]>
  </system-out>
</testsuite> <!-- com.actitime.testscript.CustomerModule -->
