<?xml version="1.0" encoding="UTF-8"?>
<!-- Generated by org.testng.reporters.JUnitReportReporter -->
<testsuite hostname="LAPTOP-45D9BTF2" failures="0" tests="1" name="testng.customer" time="8.369" errors="0" timestamp="2023-08-31T15:34:04 IST" skipped="0">
  <testcase classname="testng.customer" name="create" time="8.369"/>
  <system-out>
    <![CDATA[openBrowser
login
createcustomer
logout
login
createcustomer
logout
login
modifycustomer
logout
login
deletecustomer
logout
login
createcustomer
modifycustomer
deletecustomer
login
closeBrowser]]>
  </system-out>
</testsuite> <!-- testng.customer -->
