<?xml version="1.0" encoding="UTF-8"?>
<!-- Generated by org.testng.reporters.JUnitReportReporter -->
<testsuite hostname="LAPTOP-45D9BTF2" failures="0" tests="3" name="com.actitime.testscript.TaskModule" time="0.004" errors="0" timestamp="2023-12-15T11:08:11 IST" skipped="0">
  <testcase classname="com.actitime.testscript.TaskModule" name="modifyTask" time="0.001">
    <system-out>
      <![CDATA[modifytask]]>
    </system-out>
  </testcase> <!-- modifyTask -->
  <testcase classname="com.actitime.testscript.TaskModule" name="createTask" time="0.002">
    <system-out>
      <![CDATA[createtask]]>
    </system-out>
  </testcase> <!-- createTask -->
  <testcase classname="com.actitime.testscript.TaskModule" name="deleteTask" time="0.001">
    <system-out>
      <![CDATA[deletetask]]>
    </system-out>
  </testcase> <!-- deleteTask -->
  <system-out>
    <![CDATA[createproject
deleteProject
modifyProject
createcustomer
deletecustomer
modifycustomer
createtask
deletetask
modifytask]]>
  </system-out>
</testsuite> <!-- com.actitime.testscript.TaskModule -->
