<?xml version="1.0" encoding="UTF-8"?>
<!-- Generated by org.testng.reporters.JUnitReportReporter -->
<testsuite hostname="LAPTOP-45D9BTF2" failures="0" tests="3" name="testng.CustomerModul" time="0.021" errors="0" timestamp="2023-08-31T15:34:04 IST" skipped="0">
  <testcase classname="testng.CustomerModul" name="createcustomer" time="0.011">
    <system-out>
      <![CDATA[createcustomer]]>
    </system-out>
  </testcase> <!-- createcustomer -->
  <testcase classname="testng.CustomerModul" name="modifycustomer" time="0.003">
    <system-out>
      <![CDATA[modifycustomer]]>
    </system-out>
  </testcase> <!-- modifycustomer -->
  <testcase classname="testng.CustomerModul" name="deletecustomer" time="0.007">
    <system-out>
      <![CDATA[deletecustomer]]>
    </system-out>
  </testcase> <!-- deletecustomer -->
  <system-out>
    <![CDATA[openBrowser
login
createcustomer
logout
login
createcustomer
logout
login
modifycustomer
logout
login
deletecustomer
logout
login
createcustomer
modifycustomer
deletecustomer
login
closeBrowser]]>
  </system-out>
</testsuite> <!-- testng.CustomerModul -->
